0 info it worked if it ends with ok
1 verbose cli [ '/home/ubuntu/.nvm/versions/node/v5.7.0/bin/node',
1 verbose cli   '/home/ubuntu/.nvm/versions/node/v5.7.0/bin/npm',
1 verbose cli   'pub' ]
2 info using npm@3.6.0
3 info using node@v5.7.0
4 verbose publish [ '.' ]
5 silly cache add args [ '.', null ]
6 verbose cache add spec .
7 silly cache add parsed spec Result {
7 silly cache add   raw: '.',
7 silly cache add   scope: null,
7 silly cache add   name: null,
7 silly cache add   rawSpec: '.',
7 silly cache add   spec: '/home/ubuntu/workspace/bluemix-object-storage',
7 silly cache add   type: 'directory' }
8 verbose addLocalDirectory /home/ubuntu/.npm/bluemix-object-storage/1.0.4/package.tgz not in flight; packing
9 verbose correctMkdir /home/ubuntu/.npm correctMkdir not in flight; initializing
10 info lifecycle bluemix-object-storage@1.0.4~prepublish: bluemix-object-storage@1.0.4
11 verbose lifecycle bluemix-object-storage@1.0.4~prepublish: unsafe-perm in lifecycle true
12 verbose lifecycle bluemix-object-storage@1.0.4~prepublish: PATH: /home/ubuntu/.nvm/versions/node/v5.7.0/lib/node_modules/npm/bin/node-gyp-bin:/home/ubuntu/workspace/bluemix-object-storage/node_modules/.bin:/home/ubuntu/.nvm/versions/node/v5.7.0/bin:/usr/local/rvm/gems/ruby-2.3.0/bin:/usr/local/rvm/gems/ruby-2.3.0@global/bin:/usr/local/rvm/rubies/ruby-2.3.0/bin:/mnt/shared/bin:/home/ubuntu/workspace/node_modules/.bin:/home/ubuntu/bin:/usr/local/sbin:/usr/local/bin:/usr/sbin:/usr/bin:/sbin:/bin:/mnt/shared/sbin:/opt/gitl:/opt/go/bin:/mnt/shared/c9/app.nw/bin:/usr/local/rvm/bin
13 verbose lifecycle bluemix-object-storage@1.0.4~prepublish: CWD: /home/ubuntu/workspace/bluemix-object-storage
14 silly lifecycle bluemix-object-storage@1.0.4~prepublish: Args: [ '-c', 'npm run compile' ]
15 silly lifecycle bluemix-object-storage@1.0.4~prepublish: Returned: code: 0  signal: null
16 verbose tar pack [ '/home/ubuntu/.npm/bluemix-object-storage/1.0.4/package.tgz',
16 verbose tar pack   '/home/ubuntu/workspace/bluemix-object-storage' ]
17 verbose tarball /home/ubuntu/.npm/bluemix-object-storage/1.0.4/package.tgz
18 verbose folder /home/ubuntu/workspace/bluemix-object-storage
19 verbose addLocalTarball adding from inside cache /home/ubuntu/.npm/bluemix-object-storage/1.0.4/package.tgz
20 verbose correctMkdir /home/ubuntu/.npm correctMkdir not in flight; initializing
21 silly cache afterAdd bluemix-object-storage@1.0.4
22 verbose afterAdd /home/ubuntu/.npm/bluemix-object-storage/1.0.4/package/package.json not in flight; writing
23 verbose correctMkdir /home/ubuntu/.npm correctMkdir not in flight; initializing
24 verbose afterAdd /home/ubuntu/.npm/bluemix-object-storage/1.0.4/package/package.json written
25 silly publish { name: 'bluemix-object-storage',
25 silly publish   version: '1.0.4',
25 silly publish   description: 'Manages the accounts, containers, and objects for the IBM Bluemix Object Storage service.',
25 silly publish   main: 'lib/index.js',
25 silly publish   scripts:
25 silly publish    { compile: 'babel -d lib/ src/',
25 silly publish      prepublish: 'npm run compile',
25 silly publish      test: 'mocha' },
25 silly publish   repository:
25 silly publish    { type: 'git',
25 silly publish      url: 'git+https://github.com/chyld/bluemix-object-storage.git' },
25 silly publish   keywords:
25 silly publish    [ 'ibm',
25 silly publish      'bluemix',
25 silly publish      'object',
25 silly publish      'storage',
25 silly publish      'openstack',
25 silly publish      'object storage' ],
25 silly publish   author: { name: 'Chyld Medford', email: 'chyld.medford@gmail.com' },
25 silly publish   license: 'MIT',
25 silly publish   bugs: { url: 'https://github.com/chyld/bluemix-object-storage/issues' },
25 silly publish   homepage: 'https://github.com/chyld/bluemix-object-storage',
25 silly publish   dependencies: { bluebird: '^3.3.3', 'es6-error': '^2.0.2', request: '^2.69.0' },
25 silly publish   devDependencies:
25 silly publish    { 'babel-cli': '^6.6.0',
25 silly publish      'babel-preset-es2015': '^6.6.0',
25 silly publish      'babel-preset-stage-0': '^6.5.0',
25 silly publish      chai: '^3.5.0',
25 silly publish      mocha: '^2.4.5',
25 silly publish      nock: '^7.2.2',
25 silly publish      sinon: '^1.17.3' },
25 silly publish   readme: '# bluemix-object-storage\n\n![Bluemix Object Storage](images/os.png)\n\n[![NPM](https://nodei.co/npm/bluemix-object-storage.png?downloads=true&downloadRank=true&stars=true)](https://nodei.co/npm/bluemix-object-storage/)\n\n[![Build Status](https://travis-ci.org/chyld/bluemix-object-storage.svg?branch=master)](https://travis-ci.org/chyld/bluemix-object-storage)\n[![npm](https://badge.fury.io/js/bluemix-object-storage.svg)](https://www.npmjs.com/package/bluemix-object-storage)\n[![GitHub](https://img.shields.io/badge/github-code-blue.svg)](https://github.com/chyld/bluemix-object-storage)\n[![OpenStack](https://img.shields.io/badge/openstack-docs-orange.svg)](http://developer.openstack.org/api-ref-objectstorage-v1.html)\n\n\n## Description\nEasily manage the accounts, containers, and objects for the IBM Bluemix Object Storage service.\n\n\n## Install\n```sh\n$ npm install bluemix-object-storage --save\n```\n\n\n## Test\n```sh\n$ git clone https://github.com/chyld/bluemix-object-storage\n$ cd bluemix-object-storage\n$ npm install\n$ npm test\n```\n\n\n## Usage\n```js\nvar ObjectStorage = require(\'bluemix-object-storage\');\nvar os = new ObjectStorage(\'user_id\', \'password\', \'project_id\');\nos.list(\'container_name\').then(function(files){\n  console.log(files);\n});\n```\n\n\n## Access Points\n- https://dal.objectstorage.open.softlayer.com\n- https://lon.objectstorage.open.softlayer.com\n\n\n## API\n#### create\n#### list\n#### unlock\n#### upload\n\n\n## License\nMIT © [Chyld Medford](https://github.com/chyld)\n',
25 silly publish   readmeFilename: 'README.md',
25 silly publish   gitHead: 'a48fbb896d004dc7970cb673b81f112c109dcfbb',
25 silly publish   _id: 'bluemix-object-storage@1.0.4',
25 silly publish   _shasum: '00e28c957f4da32eb88593cace081a607d09e516',
25 silly publish   _from: '.' }
26 verbose getPublishConfig undefined
27 silly mapToRegistry name bluemix-object-storage
28 silly mapToRegistry using default registry
29 silly mapToRegistry registry https://registry.npmjs.org/
30 silly mapToRegistry uri https://registry.npmjs.org/bluemix-object-storage
31 verbose publish registryBase https://registry.npmjs.org/
32 silly publish uploading /home/ubuntu/.npm/bluemix-object-storage/1.0.4/package.tgz
33 verbose request uri https://registry.npmjs.org/bluemix-object-storage
34 verbose request sending authorization for write operation
35 info attempt registry request try #1 at 7:29:56 PM
36 verbose request using bearer token for auth
37 verbose request id 8c4444ad5dfe3f7b
38 http request PUT https://registry.npmjs.org/bluemix-object-storage
39 http 403 https://registry.npmjs.org/bluemix-object-storage
40 verbose headers { 'content-type': 'application/json',
40 verbose headers   'cache-control': 'max-age=300',
40 verbose headers   'content-length': '95',
40 verbose headers   'accept-ranges': 'bytes',
40 verbose headers   date: 'Wed, 02 Mar 2016 19:29:57 GMT',
40 verbose headers   via: '1.1 varnish',
40 verbose headers   connection: 'keep-alive',
40 verbose headers   'x-served-by': 'cache-ord1720-ORD',
40 verbose headers   'x-cache': 'MISS',
40 verbose headers   'x-cache-hits': '0',
40 verbose headers   'x-timer': 'S1456946996.489381,VS0,VE1053' }
41 verbose request invalidating /home/ubuntu/.npm/registry.npmjs.org/bluemix-object-storage on PUT
42 error publish Failed PUT 403
43 verbose stack Error: "You cannot publish over the previously published version 1.0.4." : bluemix-object-storage
43 verbose stack     at makeError (/home/ubuntu/.nvm/versions/node/v5.7.0/lib/node_modules/npm/node_modules/npm-registry-client/lib/request.js:264:12)
43 verbose stack     at CachingRegistryClient.<anonymous> (/home/ubuntu/.nvm/versions/node/v5.7.0/lib/node_modules/npm/node_modules/npm-registry-client/lib/request.js:252:14)
43 verbose stack     at Request._callback (/home/ubuntu/.nvm/versions/node/v5.7.0/lib/node_modules/npm/node_modules/npm-registry-client/lib/request.js:172:14)
43 verbose stack     at Request.self.callback (/home/ubuntu/.nvm/versions/node/v5.7.0/lib/node_modules/npm/node_modules/request/request.js:198:22)
43 verbose stack     at emitTwo (events.js:100:13)
43 verbose stack     at Request.emit (events.js:185:7)
43 verbose stack     at Request.<anonymous> (/home/ubuntu/.nvm/versions/node/v5.7.0/lib/node_modules/npm/node_modules/request/request.js:1035:10)
43 verbose stack     at emitOne (events.js:95:20)
43 verbose stack     at Request.emit (events.js:182:7)
43 verbose stack     at IncomingMessage.<anonymous> (/home/ubuntu/.nvm/versions/node/v5.7.0/lib/node_modules/npm/node_modules/request/request.js:962:12)
44 verbose statusCode 403
45 verbose pkgid bluemix-object-storage
46 verbose cwd /home/ubuntu/workspace/bluemix-object-storage
47 error Linux 4.2.0-c9
48 error argv "/home/ubuntu/.nvm/versions/node/v5.7.0/bin/node" "/home/ubuntu/.nvm/versions/node/v5.7.0/bin/npm" "pub"
49 error node v5.7.0
50 error npm  v3.6.0
51 error code E403
52 error "You cannot publish over the previously published version 1.0.4." : bluemix-object-storage
53 error If you need help, you may report this error at:
53 error     <https://github.com/npm/npm/issues>
54 verbose exit [ 1, true ]
